<?xml version="1.0" encoding="UTF-8"?>
<coverage generated="1605589535384" clover="3.2.0">
  <project timestamp="1605589535384" name="All files">
    <metrics statements="32" coveredstatements="27" conditionals="0" coveredconditionals="0" methods="9" coveredmethods="5" elements="41" coveredelements="32" complexity="0" loc="32" ncloc="32" packages="2" files="2" classes="2"/>
    <package name="database">
      <metrics statements="16" coveredstatements="13" conditionals="0" coveredconditionals="0" methods="5" coveredmethods="2"/>
      <file name="model.js" path="/Users/jxhn/Documents/HRR49/similar-homes/database/model.js">
        <metrics statements="16" coveredstatements="13" conditionals="0" coveredconditionals="0" methods="5" coveredmethods="2"/>
        <line num="1" count="2" type="stmt"/>
        <line num="2" count="2" type="stmt"/>
        <line num="3" count="2" type="stmt"/>
        <line num="4" count="0" type="stmt"/>
        <line num="6" count="2" type="stmt"/>
        <line num="8" count="2" type="stmt"/>
        <line num="25" count="2" type="stmt"/>
        <line num="28" count="2" type="stmt"/>
        <line num="29" count="0" type="stmt"/>
        <line num="32" count="2" type="stmt"/>
        <line num="33" count="0" type="stmt"/>
        <line num="36" count="2" type="stmt"/>
        <line num="37" count="3" type="stmt"/>
        <line num="40" count="2" type="stmt"/>
        <line num="41" count="2" type="stmt"/>
        <line num="42" count="2" type="stmt"/>
      </file>
    </package>
    <package name="server">
      <metrics statements="16" coveredstatements="14" conditionals="0" coveredconditionals="0" methods="4" coveredmethods="3"/>
      <file name="index.js" path="/Users/jxhn/Documents/HRR49/similar-homes/server/index.js">
        <metrics statements="16" coveredstatements="14" conditionals="0" coveredconditionals="0" methods="4" coveredmethods="3"/>
        <line num="1" count="1" type="stmt"/>
        <line num="2" count="1" type="stmt"/>
        <line num="3" count="1" type="stmt"/>
        <line num="4" count="1" type="stmt"/>
        <line num="6" count="1" type="stmt"/>
        <line num="8" count="1" type="stmt"/>
        <line num="9" count="1" type="stmt"/>
        <line num="11" count="1" type="stmt"/>
        <line num="13" count="1" type="stmt"/>
        <line num="14" count="2" type="stmt"/>
        <line num="15" count="2" type="stmt"/>
        <line num="17" count="0" type="stmt"/>
        <line num="18" count="0" type="stmt"/>
        <line num="22" count="1" type="stmt"/>
        <line num="23" count="1" type="stmt"/>
        <line num="26" count="1" type="stmt"/>
      </file>
    </package>
  </project>
</coverage>
