{"/Users/jxhn/Documents/HRR49/similar-homes/database/model.js": {"path":"/Users/jxhn/Documents/HRR49/similar-homes/database/model.js","statementMap":{"0":{"start":{"line":1,"column":17},"end":{"line":1,"column":36}},"1":{"start":{"line":2,"column":0},"end":{"line":4,"column":66}},"2":{"start":{"line":3,"column":20},"end":{"line":3,"column":54}},"3":{"start":{"line":4,"column":18},"end":{"line":4,"column":64}},"4":{"start":{"line":6,"column":11},"end":{"line":6,"column":30}},"5":{"start":{"line":8,"column":27},"end":{"line":23,"column":2}},"6":{"start":{"line":25,"column":18},"end":{"line":25,"column":67}},"7":{"start":{"line":28,"column":13},"end":{"line":30,"column":1}},"8":{"start":{"line":29,"column":2},"end":{"line":29,"column":34}},"9":{"start":{"line":32,"column":18},"end":{"line":34,"column":1}},"10":{"start":{"line":33,"column":2},"end":{"line":33,"column":20}},"11":{"start":{"line":36,"column":19},"end":{"line":38,"column":1}},"12":{"start":{"line":37,"column":2},"end":{"line":37,"column":40}},"13":{"start":{"line":40,"column":0},"end":{"line":40,"column":27}},"14":{"start":{"line":41,"column":0},"end":{"line":41,"column":37}},"15":{"start":{"line":42,"column":0},"end":{"line":42,"column":39}}},"fnMap":{"0":{"name":"(anonymous_0)","decl":{"start":{"line":3,"column":10},"end":{"line":3,"column":11}},"loc":{"start":{"line":3,"column":20},"end":{"line":3,"column":54}},"line":3},"1":{"name":"(anonymous_1)","decl":{"start":{"line":4,"column":11},"end":{"line":4,"column":12}},"loc":{"start":{"line":4,"column":18},"end":{"line":4,"column":64}},"line":4},"2":{"name":"(anonymous_2)","decl":{"start":{"line":28,"column":13},"end":{"line":28,"column":14}},"loc":{"start":{"line":28,"column":26},"end":{"line":30,"column":1}},"line":28},"3":{"name":"(anonymous_3)","decl":{"start":{"line":32,"column":18},"end":{"line":32,"column":19}},"loc":{"start":{"line":32,"column":24},"end":{"line":34,"column":1}},"line":32},"4":{"name":"(anonymous_4)","decl":{"start":{"line":36,"column":19},"end":{"line":36,"column":20}},"loc":{"start":{"line":36,"column":25},"end":{"line":38,"column":1}},"line":36}},"branchMap":{},"s":{"0":2,"1":2,"2":2,"3":0,"4":2,"5":2,"6":2,"7":2,"8":0,"9":2,"10":0,"11":2,"12":3,"13":2,"14":2,"15":2},"f":{"0":2,"1":0,"2":0,"3":0,"4":3},"b":{},"_coverageSchema":"1a1c01bbd47fc00a2c39e90264f33305004495a9","hash":"561bfe08c6370b47b8ce280e81aac4d813b429df"}
,"/Users/jxhn/Documents/HRR49/similar-homes/server/index.js": {"path":"/Users/jxhn/Documents/HRR49/similar-homes/server/index.js","statementMap":{"0":{"start":{"line":1,"column":16},"end":{"line":1,"column":34}},"1":{"start":{"line":2,"column":12},"end":{"line":2,"column":21}},"2":{"start":{"line":3,"column":19},"end":{"line":3,"column":41}},"3":{"start":{"line":4,"column":11},"end":{"line":4,"column":42}},"4":{"start":{"line":6,"column":13},"end":{"line":6,"column":17}},"5":{"start":{"line":8,"column":0},"end":{"line":8,"column":27}},"6":{"start":{"line":9,"column":0},"end":{"line":9,"column":49}},"7":{"start":{"line":11,"column":0},"end":{"line":11,"column":61}},"8":{"start":{"line":13,"column":0},"end":{"line":20,"column":2}},"9":{"start":{"line":14,"column":2},"end":{"line":19,"column":4}},"10":{"start":{"line":15,"column":18},"end":{"line":15,"column":46}},"11":{"start":{"line":17,"column":4},"end":{"line":17,"column":21}},"12":{"start":{"line":18,"column":4},"end":{"line":18,"column":30}},"13":{"start":{"line":22,"column":0},"end":{"line":24,"column":3}},"14":{"start":{"line":23,"column":2},"end":{"line":23,"column":43}},"15":{"start":{"line":26,"column":0},"end":{"line":26,"column":21}}},"fnMap":{"0":{"name":"(anonymous_0)","decl":{"start":{"line":13,"column":24},"end":{"line":13,"column":25}},"loc":{"start":{"line":13,"column":38},"end":{"line":20,"column":1}},"line":13},"1":{"name":"(anonymous_1)","decl":{"start":{"line":15,"column":8},"end":{"line":15,"column":9}},"loc":{"start":{"line":15,"column":18},"end":{"line":15,"column":46}},"line":15},"2":{"name":"(anonymous_2)","decl":{"start":{"line":16,"column":9},"end":{"line":16,"column":10}},"loc":{"start":{"line":16,"column":16},"end":{"line":19,"column":3}},"line":16},"3":{"name":"(anonymous_3)","decl":{"start":{"line":22,"column":17},"end":{"line":22,"column":18}},"loc":{"start":{"line":22,"column":23},"end":{"line":24,"column":1}},"line":22}},"branchMap":{},"s":{"0":1,"1":1,"2":1,"3":1,"4":1,"5":1,"6":1,"7":1,"8":1,"9":2,"10":2,"11":0,"12":0,"13":1,"14":1,"15":1},"f":{"0":2,"1":2,"2":0,"3":1},"b":{},"_coverageSchema":"1a1c01bbd47fc00a2c39e90264f33305004495a9","hash":"101aa258d7723b234175852eaa456a8c527da26b"}
}
