TN:
SF:database/model.js
FN:3,(anonymous_0)
FN:4,(anonymous_1)
FN:28,(anonymous_2)
FN:32,(anonymous_3)
FN:36,(anonymous_4)
FNF:5
FNH:2
FNDA:2,(anonymous_0)
FNDA:0,(anonymous_1)
FNDA:0,(anonymous_2)
FNDA:0,(anonymous_3)
FNDA:3,(anonymous_4)
DA:1,2
DA:2,2
DA:3,2
DA:4,0
DA:6,2
DA:8,2
DA:25,2
DA:28,2
DA:29,0
DA:32,2
DA:33,0
DA:36,2
DA:37,3
DA:40,2
DA:41,2
DA:42,2
LF:16
LH:13
BRF:0
BRH:0
end_of_record
TN:
SF:server/index.js
FN:13,(anonymous_0)
FN:15,(anonymous_1)
FN:16,(anonymous_2)
FN:22,(anonymous_3)
FNF:4
FNH:3
FNDA:2,(anonymous_0)
FNDA:2,(anonymous_1)
FNDA:0,(anonymous_2)
FNDA:1,(anonymous_3)
DA:1,1
DA:2,1
DA:3,1
DA:4,1
DA:6,1
DA:8,1
DA:9,1
DA:11,1
DA:13,1
DA:14,2
DA:15,2
DA:17,0
DA:18,0
DA:22,1
DA:23,1
DA:26,1
LF:16
LH:14
BRF:0
BRH:0
end_of_record
